[LOG] System::create                           : Header version = 2.00.05. Current version = 2.00.05.
[LOG] Manager::init                            : maxchannels = 256 studioflags = 00000006 flags 00000000 extradriverdata 0x0.
[LOG] SystemI::init                            : Initialize version=20005 (105402), maxchannels=256, flags=0x00020000
[LOG] SystemI::setOutputInternal               : Setting output to 'FMOD Core Audio Output'
[LOG] OutputCoreAudio::init                    : Output running 2 channels at 48000Hz sample rate.
[LOG] OutputCoreAudio::init                    : Maximum hardware read size: 1024 samples, Software buffer size: 512 samples, Number of software buffers: 4.
[LOG] Thread::initThread                       : Init FMOD stream thread. Priority: 2, Stack Size: 98304, Semaphore: No, Sleep Time: 10, Looping: Yes.
[LOG] Thread::initThread                       : Init FMOD mixer thread. Priority: 3, Stack Size: 81920, Semaphore: Yes, Sleep Time: 0, Looping: Yes.
[LOG] AsyncManager::init                       : manager 0x7fbd52888208 isAsync 0 updatePeriod 0.02
[LOG] AsyncManager::init                       : done
[LOG] PlaybackSystem::init                     : 
[LOG] Thread::initThread                       : Init FMOD Studio sample load thread. Priority: 0, Stack Size: 98304, Semaphore: No, Sleep Time: 1, Looping: No.
[LOG] PlaybackSystem::init                     : done
[LOG] Thread::initThread                       : Init FMOD Studio bank load thread. Priority: 0, Stack Size: 98304, Semaphore: No, Sleep Time: 1, Looping: No.
[LOG] Manager::init                            : done.
[LOG] Manager::readBank                        : fileversion = 123, compatVersion = 119 (oldest = 44, newest = 123)
[LOG] AsyncThread::threadFunc                  : Starting Asynchronous operation on sound 0x7fbd64944268
[LOG] AsyncThread::threadFunc                  : Finished Asynchronous operation on sound 0x7fbd64944268
[LOG] Manager::readBank                        : fileversion = 123, compatVersion = 119 (oldest = 44, newest = 123)
[LOG] Manager::readBank                        : fileversion = 123, compatVersion = 119 (oldest = 44, newest = 123)
[LOG] Manager::readBank                        : fileversion = 123, compatVersion = 119 (oldest = 44, newest = 123)
[LOG] PlaybackSystem::acquireMasterBus         : Setting master channel group format to 6
[LOG] SystemI::createSoundInternal             : Create name='', mode=0x02000202
[LOG] SystemI::createSoundInternal             : exinfo->cbsize             = 224
[LOG] SystemI::createSoundInternal             : exinfo->length             = 1264512
[LOG] SystemI::createSoundInternal             : exinfo->fileoffset         = 9728
[LOG] SystemI::createSoundInternal             : exinfo->numsubsounds       = 1
[LOG] SystemI::createSoundInternal             : exinfo->inclusionlist      = 0x7000105338bc
[LOG] SystemI::createSoundInternal             : exinfo->inclusionlistnum   = 1
[LOG] SystemI::createSoundInternal             : exinfo->suggestedsoundtype = 5
[LOG] SystemI::createSoundInternal             : exinfo->useropen           = 0x151fb3aa2
[LOG] SystemI::createSoundInternal             : exinfo->userclose          = 0x151fb3b59
[LOG] SystemI::createSoundInternal             : exinfo->userread           = 0x151fb3b89
[LOG] SystemI::createSoundInternal             : exinfo->userseek           = 0x151fb3c29
[LOG] SystemI::createSoundInternal             : exinfo->fileuserdata       = 0x7fbd6514d638
[LOG] SystemI::createSoundInternal             : exinfo->initialseekpostype = 1
[LOG] SystemI::DSPCodecPoolRegister            : register codec pool for pool type 5
[LOG] SystemI::createSoundInternal             : Sample 0/1: name='Land_Temp_01', format=2, channels=1, frequency=48000, lengthbytes=1600, lengthpcm=9736, pcmblocksize=0, loopstart=0, loopend=0, mode=0x00000000, channelmask=0x00000000, channelorder=0, peakvolume=0.689870.
[LOG] SystemI::createSoundInternal             : Create name='', mode=0x02000202
[LOG] SystemI::createSoundInternal             : exinfo->cbsize             = 224
[LOG] SystemI::createSoundInternal             : exinfo->length             = 1264512
[LOG] SystemI::createSoundInternal             : exinfo->fileoffset         = 9728
[LOG] SystemI::createSoundInternal             : exinfo->numsubsounds       = 1
[LOG] SystemI::createSoundInternal             : exinfo->inclusionlist      = 0x7000105338bc
[LOG] SystemI::createSoundInternal             : exinfo->inclusionlistnum   = 1
[LOG] SystemI::createSoundInternal             : exinfo->suggestedsoundtype = 5
[LOG] SystemI::createSoundInternal             : exinfo->useropen           = 0x151fb3aa2
[LOG] SystemI::createSoundInternal             : exinfo->userclose          = 0x151fb3b59
[LOG] SystemI::createSoundInternal             : exinfo->userread           = 0x151fb3b89
[LOG] SystemI::createSoundInternal             : exinfo->userseek           = 0x151fb3c29
[LOG] SystemI::createSoundInternal             : exinfo->fileuserdata       = 0x7fbd6514d638
[LOG] SystemI::createSoundInternal             : exinfo->initialseekpostype = 1
[LOG] SystemI::DSPCodecPoolRegister            : register codec pool for pool type 5
[LOG] SystemI::createSoundInternal             : Sample 0/1: name='Land_Temp_02', format=2, channels=1, frequency=48000, lengthbytes=1216, lengthpcm=6014, pcmblocksize=0, loopstart=0, loopend=0, mode=0x00000000, channelmask=0x00000000, channelorder=0, peakvolume=0.701328.
[LOG] SystemI::createSoundInternal             : Create name='', mode=0x02000202
[LOG] SystemI::createSoundInternal             : exinfo->cbsize             = 224
[LOG] SystemI::createSoundInternal             : exinfo->length             = 1264512
[LOG] SystemI::createSoundInternal             : exinfo->fileoffset         = 9728
[LOG] SystemI::createSoundInternal             : exinfo->numsubsounds       = 1
[LOG] SystemI::createSoundInternal             : exinfo->inclusionlist      = 0x7000105338bc
[LOG] SystemI::createSoundInternal             : exinfo->inclusionlistnum   = 1
[LOG] SystemI::createSoundInternal             : exinfo->suggestedsoundtype = 5
[LOG] SystemI::createSoundInternal             : exinfo->useropen           = 0x151fb3aa2
[LOG] SystemI::createSoundInternal             : exinfo->userclose          = 0x151fb3b59
[LOG] SystemI::createSoundInternal             : exinfo->userread           = 0x151fb3b89
[LOG] SystemI::createSoundInternal             : exinfo->userseek           = 0x151fb3c29
[LOG] SystemI::createSoundInternal             : exinfo->fileuserdata       = 0x7fbd65148848
[LOG] SystemI::createSoundInternal             : exinfo->initialseekpostype = 1
[LOG] SystemI::DSPCodecPoolRegister            : register codec pool for pool type 5
[LOG] SystemI::createSoundInternal             : Sample 0/1: name='FS_Temp_08', format=2, channels=1, frequency=48000, lengthbytes=1376, lengthpcm=6550, pcmblocksize=0, loopstart=0, loopend=0, mode=0x00000000, channelmask=0x00000000, channelorder=0, peakvolume=0.341689.
[LOG] SystemI::createSoundInternal             : Create name='', mode=0x02000202
[LOG] SystemI::createSoundInternal             : exinfo->cbsize             = 224
[LOG] SystemI::createSoundInternal             : exinfo->length             = 1264512
[LOG] SystemI::createSoundInternal             : exinfo->fileoffset         = 9728
[LOG] SystemI::createSoundInternal             : exinfo->numsubsounds       = 1
[LOG] SystemI::createSoundInternal             : exinfo->inclusionlist      = 0x7000105338bc
[LOG] SystemI::createSoundInternal             : exinfo->inclusionlistnum   = 1
[LOG] SystemI::createSoundInternal             : exinfo->suggestedsoundtype = 5
[LOG] SystemI::createSoundInternal             : exinfo->useropen           = 0x151fb3aa2
[LOG] SystemI::createSoundInternal             : exinfo->userclose          = 0x151fb3b59
[LOG] SystemI::createSoundInternal             : exinfo->userread           = 0x151fb3b89
[LOG] SystemI::createSoundInternal             : exinfo->userseek           = 0x151fb3c29
[LOG] SystemI::createSoundInternal             : exinfo->fileuserdata       = 0x7fbd65148848
[LOG] SystemI::createSoundInternal             : exinfo->initialseekpostype = 1
[LOG] SystemI::DSPCodecPoolRegister            : register codec pool for pool type 5
[LOG] SystemI::createSoundInternal             : Sample 0/1: name='FS_Temp_07', format=2, channels=1, frequency=48000, lengthbytes=2912, lengthpcm=14402, pcmblocksize=0, loopstart=0, loopend=0, mode=0x00000000, channelmask=0x00000000, channelorder=0, peakvolume=0.094606.
[LOG] SystemI::createSoundInternal             : Create name='', mode=0x02000202
[LOG] SystemI::createSoundInternal             : exinfo->cbsize             = 224
[LOG] SystemI::createSoundInternal             : exinfo->length             = 1264512
[LOG] SystemI::createSoundInternal             : exinfo->fileoffset         = 9728
[LOG] SystemI::createSoundInternal             : exinfo->numsubsounds       = 1
[LOG] SystemI::createSoundInternal             : exinfo->inclusionlist      = 0x7000105338bc
[LOG] SystemI::createSoundInternal             : exinfo->inclusionlistnum   = 1
[LOG] SystemI::createSoundInternal             : exinfo->suggestedsoundtype = 5
[LOG] SystemI::createSoundInternal             : exinfo->useropen           = 0x151fb3aa2
[LOG] SystemI::createSoundInternal             : exinfo->userclose          = 0x151fb3b59
[LOG] SystemI::createSoundInternal             : exinfo->userread           = 0x151fb3b89
[LOG] SystemI::createSoundInternal             : exinfo->userseek           = 0x151fb3c29
[LOG] SystemI::createSoundInternal             : exinfo->fileuserdata       = 0x7fbd65148848
[LOG] SystemI::createSoundInternal             : exinfo->initialseekpostype = 1
[LOG] SystemI::DSPCodecPoolRegister            : register codec pool for pool type 5
[LOG] SystemI::createSoundInternal             : Sample 0/1: name='FS_Temp_04', format=2, channels=1, frequency=48000, lengthbytes=2784, lengthpcm=13670, pcmblocksize=0, loopstart=0, loopend=0, mode=0x00000000, channelmask=0x00000000, channelorder=0, peakvolume=0.080439.
[LOG] SystemI::createSoundInternal             : Create name='', mode=0x02000202
[LOG] SystemI::createSoundInternal             : exinfo->cbsize             = 224
[LOG] SystemI::createSoundInternal             : exinfo->length             = 1264512
[LOG] SystemI::createSoundInternal             : exinfo->fileoffset         = 9728
[LOG] SystemI::createSoundInternal             : exinfo->numsubsounds       = 1
[LOG] SystemI::createSoundInternal             : exinfo->inclusionlist      = 0x7000105338bc
[LOG] SystemI::createSoundInternal             : exinfo->inclusionlistnum   = 1
[LOG] SystemI::createSoundInternal             : exinfo->suggestedsoundtype = 5
[LOG] SystemI::createSoundInternal             : exinfo->useropen           = 0x151fb3aa2
[LOG] SystemI::createSoundInternal             : exinfo->userclose          = 0x151fb3b59
[LOG] SystemI::createSoundInternal             : exinfo->userread           = 0x151fb3b89
[LOG] SystemI::createSoundInternal             : exinfo->userseek           = 0x151fb3c29
[LOG] SystemI::createSoundInternal             : exinfo->fileuserdata       = 0x7fbd65148848
[LOG] SystemI::createSoundInternal             : exinfo->initialseekpostype = 1
[LOG] SystemI::DSPCodecPoolRegister            : register codec pool for pool type 5
[LOG] SystemI::createSoundInternal             : Sample 0/1: name='FS_Temp_03', format=2, channels=1, frequency=48000, lengthbytes=2336, lengthpcm=12154, pcmblocksize=0, loopstart=0, loopend=0, mode=0x00000000, channelmask=0x00000000, channelorder=0, peakvolume=0.080019.
[LOG] SystemI::createSoundInternal             : Create name='', mode=0x02000202
[LOG] SystemI::createSoundInternal             : exinfo->cbsize             = 224
[LOG] SystemI::createSoundInternal             : exinfo->length             = 1264512
[LOG] SystemI::createSoundInternal             : exinfo->fileoffset         = 9728
[LOG] SystemI::createSoundInternal             : exinfo->numsubsounds       = 1
[LOG] SystemI::createSoundInternal             : exinfo->inclusionlist      = 0x7000105338bc
[LOG] SystemI::createSoundInternal             : exinfo->inclusionlistnum   = 1
[LOG] SystemI::createSoundInternal             : exinfo->suggestedsoundtype = 5
[LOG] SystemI::createSoundInternal             : exinfo->useropen           = 0x151fb3aa2
[LOG] SystemI::createSoundInternal             : exinfo->userclose          = 0x151fb3b59
[LOG] SystemI::createSoundInternal             : exinfo->userread           = 0x151fb3b89
[LOG] SystemI::createSoundInternal             : exinfo->userseek           = 0x151fb3c29
[LOG] SystemI::createSoundInternal             : exinfo->fileuserdata       = 0x7fbd65148848
[LOG] SystemI::createSoundInternal             : exinfo->initialseekpostype = 1
[LOG] SystemI::DSPCodecPoolRegister            : register codec pool for pool type 5
[LOG] SystemI::createSoundInternal             : Sample 0/1: name='FS_Temp_01', format=2, channels=1, frequency=48000, lengthbytes=2528, lengthpcm=14078, pcmblocksize=0, loopstart=0, loopend=0, mode=0x00000000, channelmask=0x00000000, channelorder=0, peakvolume=0.246316.
[LOG] SystemI::createSoundInternal             : Create name='', mode=0x02000202
[LOG] SystemI::createSoundInternal             : exinfo->cbsize             = 224
[LOG] SystemI::createSoundInternal             : exinfo->length             = 1264512
[LOG] SystemI::createSoundInternal             : exinfo->fileoffset         = 9728
[LOG] SystemI::createSoundInternal             : exinfo->numsubsounds       = 1
[LOG] SystemI::createSoundInternal             : exinfo->inclusionlist      = 0x7000105338bc
[LOG] SystemI::createSoundInternal             : exinfo->inclusionlistnum   = 1
[LOG] SystemI::createSoundInternal             : exinfo->suggestedsoundtype = 5
[LOG] SystemI::createSoundInternal             : exinfo->useropen           = 0x151fb3aa2
[LOG] SystemI::createSoundInternal             : exinfo->userclose          = 0x151fb3b59
[LOG] SystemI::createSoundInternal             : exinfo->userread           = 0x151fb3b89
[LOG] SystemI::createSoundInternal             : exinfo->userseek           = 0x151fb3c29
[LOG] SystemI::createSoundInternal             : exinfo->fileuserdata       = 0x7fbd65148848
[LOG] SystemI::createSoundInternal             : exinfo->initialseekpostype = 1
[LOG] SystemI::DSPCodecPoolRegister            : register codec pool for pool type 5
[LOG] SystemI::createSoundInternal             : Sample 0/1: name='FS_Temp_05', format=2, channels=1, frequency=48000, lengthbytes=2464, lengthpcm=13050, pcmblocksize=0, loopstart=0, loopend=0, mode=0x00000000, channelmask=0x00000000, channelorder=0, peakvolume=0.453641.
[LOG] SystemI::createSoundInternal             : Create name='', mode=0x02000202
[LOG] SystemI::createSoundInternal             : exinfo->cbsize             = 224
[LOG] SystemI::createSoundInternal             : exinfo->length             = 1264512
[LOG] SystemI::createSoundInternal             : exinfo->fileoffset         = 9728
[LOG] SystemI::createSoundInternal             : exinfo->numsubsounds       = 1
[LOG] SystemI::createSoundInternal             : exinfo->inclusionlist      = 0x7000105338bc
[LOG] SystemI::createSoundInternal             : exinfo->inclusionlistnum   = 1
[LOG] SystemI::createSoundInternal             : exinfo->suggestedsoundtype = 5
[LOG] SystemI::createSoundInternal             : exinfo->useropen           = 0x151fb3aa2
[LOG] SystemI::createSoundInternal             : exinfo->userclose          = 0x151fb3b59
[LOG] SystemI::createSoundInternal             : exinfo->userread           = 0x151fb3b89
[LOG] SystemI::createSoundInternal             : exinfo->userseek           = 0x151fb3c29
[LOG] SystemI::createSoundInternal             : exinfo->fileuserdata       = 0x7fbd65148848
[LOG] SystemI::createSoundInternal             : exinfo->initialseekpostype = 1
[LOG] SystemI::DSPCodecPoolRegister            : register codec pool for pool type 5
[LOG] SystemI::createSoundInternal             : Sample 0/1: name='FS_Temp_06', format=2, channels=1, frequency=48000, lengthbytes=2016, lengthpcm=10646, pcmblocksize=0, loopstart=0, loopend=0, mode=0x00000000, channelmask=0x00000000, channelorder=0, peakvolume=0.161446.
[LOG] SystemI::createSoundInternal             : Create name='', mode=0x02000202
[LOG] SystemI::createSoundInternal             : exinfo->cbsize             = 224
[LOG] SystemI::createSoundInternal             : exinfo->length             = 1264512
[LOG] SystemI::createSoundInternal             : exinfo->fileoffset         = 9728
[LOG] SystemI::createSoundInternal             : exinfo->numsubsounds       = 1
[LOG] SystemI::createSoundInternal             : exinfo->inclusionlist      = 0x7000105338bc
[LOG] SystemI::createSoundInternal             : exinfo->inclusionlistnum   = 1
[LOG] SystemI::createSoundInternal             : exinfo->suggestedsoundtype = 5
[LOG] SystemI::createSoundInternal             : exinfo->useropen           = 0x151fb3aa2
[LOG] SystemI::createSoundInternal             : exinfo->userclose          = 0x151fb3b59
[LOG] SystemI::createSoundInternal             : exinfo->userread           = 0x151fb3b89
[LOG] SystemI::createSoundInternal             : exinfo->userseek           = 0x151fb3c29
[LOG] SystemI::createSoundInternal             : exinfo->fileuserdata       = 0x7fbd65148848
[LOG] SystemI::createSoundInternal             : exinfo->initialseekpostype = 1
[LOG] SystemI::DSPCodecPoolRegister            : register codec pool for pool type 5
[LOG] SystemI::createSoundInternal             : Sample 0/1: name='FS_Temp_02', format=2, channels=1, frequency=48000, lengthbytes=2080, lengthpcm=11198, pcmblocksize=0, loopstart=0, loopend=0, mode=0x00000000, channelmask=0x00000000, channelorder=0, peakvolume=0.160250.
[LOG] SystemI::createSoundInternal             : Create name='', mode=0x02000202
[LOG] SystemI::createSoundInternal             : exinfo->cbsize             = 224
[LOG] SystemI::createSoundInternal             : exinfo->length             = 1264512
[LOG] SystemI::createSoundInternal             : exinfo->fileoffset         = 9728
[LOG] SystemI::createSoundInternal             : exinfo->numsubsounds       = 1
[LOG] SystemI::createSoundInternal             : exinfo->inclusionlist      = 0x7000105338bc
[LOG] SystemI::createSoundInternal             : exinfo->inclusionlistnum   = 1
[LOG] SystemI::createSoundInternal             : exinfo->suggestedsoundtype = 5
[LOG] SystemI::createSoundInternal             : exinfo->useropen           = 0x151fb3aa2
[LOG] SystemI::createSoundInternal             : exinfo->userclose          = 0x151fb3b59
[LOG] SystemI::createSoundInternal             : exinfo->userread           = 0x151fb3b89
[LOG] SystemI::createSoundInternal             : exinfo->userseek           = 0x151fb3c29
[LOG] SystemI::createSoundInternal             : exinfo->fileuserdata       = 0x7fbd65d7c148
[LOG] SystemI::createSoundInternal             : exinfo->initialseekpostype = 1
[LOG] SystemI::DSPCodecPoolRegister            : register codec pool for pool type 5
[LOG] SystemI::createSoundInternal             : Sample 0/1: name='Whoosh24', format=2, channels=2, frequency=48000, lengthbytes=5536, lengthpcm=36352, pcmblocksize=0, loopstart=0, loopend=0, mode=0x00000000, channelmask=0x00000000, channelorder=0, peakvolume=0.889413.
[LOG] SystemI::createSoundInternal             : Create name='', mode=0x02000202
[LOG] SystemI::createSoundInternal             : exinfo->cbsize             = 224
[LOG] SystemI::createSoundInternal             : exinfo->length             = 1264512
[LOG] SystemI::createSoundInternal             : exinfo->fileoffset         = 9728
[LOG] SystemI::createSoundInternal             : exinfo->numsubsounds       = 1
[LOG] SystemI::createSoundInternal             : exinfo->inclusionlist      = 0x7000105338bc
[LOG] SystemI::createSoundInternal             : exinfo->inclusionlistnum   = 1
[LOG] SystemI::createSoundInternal             : exinfo->suggestedsoundtype = 5
[LOG] SystemI::createSoundInternal             : exinfo->useropen           = 0x151fb3aa2
[LOG] SystemI::createSoundInternal             : exinfo->userclose          = 0x151fb3b59
[LOG] SystemI::createSoundInternal             : exinfo->userread           = 0x151fb3b89
[LOG] SystemI::createSoundInternal             : exinfo->userseek           = 0x151fb3c29
[LOG] SystemI::createSoundInternal             : exinfo->fileuserdata       = 0x7fbd6495a508
[LOG] SystemI::createSoundInternal             : exinfo->initialseekpostype = 1
[LOG] SystemI::DSPCodecPoolRegister            : register codec pool for pool type 5
[LOG] SystemI::createSoundInternal             : Sample 0/1: name='Bounce_Temp_01', format=2, channels=1, frequency=48000, lengthbytes=6752, lengthpcm=35749, pcmblocksize=0, loopstart=0, loopend=0, mode=0x00000000, channelmask=0x00000000, channelorder=0, peakvolume=0.867983.
[LOG] SystemI::createSound                     : filename = FMOD_InsideBob/Assets/Desktop/Master.bank : mode 02010082
[LOG] SystemI::createSound                     : FMOD_NONBLOCKING specified.  Putting into queue to be opened asynchronously!
[LOG] SystemI::createSound                     : setdata soundi = 0x7fbd66104a88 : node = 0x7fbd661527b0
[LOG] SystemI::createSound                     : add node to async list : head = 0x7fbd64dfa4f8.  list count = 0
[LOG] AsyncThread::threadFunc                  : Starting Asynchronous operation on sound 0x7fbd66104a88
[LOG] SystemI::createSoundInternal             :     Create name='FMOD_InsideBob/Assets/Desktop/Master.bank', mode=0x02010082
[LOG] SystemI::createSoundInternal             :     exinfo->cbsize             = 224
[LOG] SystemI::createSoundInternal             :     exinfo->length             = 1264512
[LOG] SystemI::createSoundInternal             :     exinfo->fileoffset         = 9728
[LOG] SystemI::createSoundInternal             :     exinfo->numsubsounds       = 1
[LOG] SystemI::createSoundInternal             :     exinfo->inclusionlist      = 0x7fbd661528c0
[LOG] SystemI::createSoundInternal             :     exinfo->inclusionlistnum   = 1
[LOG] SystemI::createSoundInternal             :     exinfo->suggestedsoundtype = 5
[LOG] SystemI::createSoundInternal             :     exinfo->initialseekposition = 29268
[LOG] SystemI::createSoundInternal             :     exinfo->initialseekpostype = 1
[LOG] SystemI::createSoundInternal             :     Stream 0/1: name='ReflectiveWetDay_123_00', format=2, channels=2, frequency=48000, lengthbytes=1229632, lengthpcm=3863808, pcmblocksize=0, loopstart=0, loopend=0, mode=0x00000000, channelmask=0x00000000, channelorder=0, peakvolume=0.556885.
[LOG] AsyncThread::threadFunc                  : Finished Asynchronous operation on sound 0x7fbd66104a88
[LOG] SoundI::getSubSound                      : sound 0x7fbd66104a88.  Subsound index 0 / 1
[LOG] SoundI::release                          : ReflectiveWetDay_123_00 (0x7fbd64dfa088)
[LOG] SoundI::release                          :     ReflectiveWetDay_123_00 (0x7fbd61dec1c8)
[LOG] SoundI::release                          :     ReflectiveWetDay_123_00 (0x7fbd64944268)
[LOG] SystemI::createSound                     : filename = FMOD_InsideBob/Assets/Desktop/Master.bank : mode 02010082
[LOG] SystemI::createSound                     : FMOD_NONBLOCKING specified.  Putting into queue to be opened asynchronously!
[LOG] SystemI::createSound                     : setdata soundi = 0x7fbd65ecaac8 : node = 0x7fbd64f30bc0
[LOG] SystemI::createSound                     : add node to async list : head = 0x7fbd64dfa4f8.  list count = 0
[LOG] AsyncThread::threadFunc                  : Starting Asynchronous operation on sound 0x7fbd65ecaac8
[LOG] SystemI::createSoundInternal             :     Create name='FMOD_InsideBob/Assets/Desktop/Master.bank', mode=0x02010082
[LOG] SystemI::createSoundInternal             :     exinfo->cbsize             = 224
[LOG] SystemI::createSoundInternal             :     exinfo->length             = 1264512
[LOG] SystemI::createSoundInternal             :     exinfo->fileoffset         = 9728
[LOG] SystemI::createSoundInternal             :     exinfo->numsubsounds       = 1
[LOG] SystemI::createSoundInternal             :     exinfo->inclusionlist      = 0x7fbd64f30cd0
[LOG] SystemI::createSoundInternal             :     exinfo->inclusionlistnum   = 1
[LOG] SystemI::createSoundInternal             :     exinfo->suggestedsoundtype = 5
[LOG] SystemI::createSoundInternal             :     exinfo->initialseekposition = 29268
[LOG] SystemI::createSoundInternal             :     exinfo->initialseekpostype = 1
[LOG] SystemI::createSoundInternal             :     Stream 0/1: name='ReflectiveWetDay_123_00', format=2, channels=2, frequency=48000, lengthbytes=1229632, lengthpcm=3863808, pcmblocksize=0, loopstart=0, loopend=0, mode=0x00000000, channelmask=0x00000000, channelorder=0, peakvolume=0.556885.
[LOG] AsyncThread::threadFunc                  : Finished Asynchronous operation on sound 0x7fbd65ecaac8
[LOG] SoundI::getSubSound                      : sound 0x7fbd65ecaac8.  Subsound index 0 / 1
[LOG] SoundI::release                          : ReflectiveWetDay_123_00 (0x7fbd66104a88)
[LOG] SoundI::release                          :     ReflectiveWetDay_123_00 (0x7fbd64d4f218)
[LOG] SoundI::release                          :     ReflectiveWetDay_123_00 (0x7fbd65d51ae8)
[LOG] SystemI::createSound                     : filename = FMOD_InsideBob/Assets/Desktop/Master.bank : mode 02010082
[LOG] SystemI::createSound                     : FMOD_NONBLOCKING specified.  Putting into queue to be opened asynchronously!
[LOG] SystemI::createSound                     : setdata soundi = 0x7fbd65c4c618 : node = 0x7fbd65c50f00
[LOG] SystemI::createSound                     : add node to async list : head = 0x7fbd64dfa4f8.  list count = 0
[LOG] AsyncThread::threadFunc                  : Starting Asynchronous operation on sound 0x7fbd65c4c618
[LOG] SystemI::createSoundInternal             :     Create name='FMOD_InsideBob/Assets/Desktop/Master.bank', mode=0x02010082
[LOG] SystemI::createSoundInternal             :     exinfo->cbsize             = 224
[LOG] SystemI::createSoundInternal             :     exinfo->length             = 1264512
[LOG] SystemI::createSoundInternal             :     exinfo->fileoffset         = 9728
[LOG] SystemI::createSoundInternal             :     exinfo->numsubsounds       = 1
[LOG] SystemI::createSoundInternal             :     exinfo->inclusionlist      = 0x7fbd65c51010
[LOG] SystemI::createSoundInternal             :     exinfo->inclusionlistnum   = 1
[LOG] SystemI::createSoundInternal             :     exinfo->suggestedsoundtype = 5
[LOG] SystemI::createSoundInternal             :     exinfo->initialseekposition = 29268
[LOG] SystemI::createSoundInternal             :     exinfo->initialseekpostype = 1
[LOG] SystemI::createSoundInternal             :     Stream 0/1: name='ReflectiveWetDay_123_00', format=2, channels=2, frequency=48000, lengthbytes=1229632, lengthpcm=3863808, pcmblocksize=0, loopstart=0, loopend=0, mode=0x00000000, channelmask=0x00000000, channelorder=0, peakvolume=0.556885.
[LOG] AsyncThread::threadFunc                  : Finished Asynchronous operation on sound 0x7fbd65c4c618
[LOG] SoundI::getSubSound                      : sound 0x7fbd65c4c618.  Subsound index 0 / 1
[LOG] SoundI::release                          : ReflectiveWetDay_123_00 (0x7fbd65ecaac8)
[LOG] SoundI::release                          :     ReflectiveWetDay_123_00 (0x7fbd64ac3dc8)
[LOG] SoundI::release                          :     ReflectiveWetDay_123_00 (0x7fbdc6b01cd8)
[LOG] SoundI::release                          : ReflectiveWetDay_123_00 (0x7fbd65c4c618)
[LOG] SoundI::release                          :     ReflectiveWetDay_123_00 (0x7fbe255e2a18)
[LOG] SoundI::release                          :     ReflectiveWetDay_123_00 (0x7fbd65c56038)
[LOG] SoundI::release                          :  (0x7fbd65c4a4b8)
[LOG] SoundI::release                          :     Whoosh24 (0x7fbd65c4a628)
[LOG] SoundI::release                          :  (0x7fbd65b78ee8)
[LOG] SoundI::release                          :     Land_Temp_01 (0x7fbd63debcb8)
[LOG] SoundI::release                          :  (0x7fbd651d8d38)
[LOG] SoundI::release                          :     Land_Temp_02 (0x7fbd6450ca48)
[LOG] SoundI::release                          :  (0x7fbd653aea88)
[LOG] SoundI::release                          :     Bounce_Temp_01 (0x7fbd6495e218)
[LOG] SoundI::release                          :  (0x7fbd65d79438)
[LOG] SoundI::release                          :     FS_Temp_01 (0x7fbd65d795a8)
[LOG] SoundI::release                          :  (0x7fbd65d7a248)
[LOG] SoundI::release                          :     FS_Temp_02 (0x7fbd65d7a3b8)
[LOG] SoundI::release                          :  (0x7fbd65d68f28)
[LOG] SoundI::release                          :     FS_Temp_03 (0x7fbd65d790f8)
[LOG] SoundI::release                          :  (0x7fbd641b9ec8)
[LOG] SoundI::release                          :     FS_Temp_04 (0x7fbd65d68528)
[LOG] SoundI::release                          :  (0x7fbd65d798e8)
[LOG] SoundI::release                          :     FS_Temp_05 (0x7fbd65d79a58)
[LOG] SoundI::release                          :  (0x7fbd65d79d98)
[LOG] SoundI::release                          :     FS_Temp_06 (0x7fbd65d79f08)
[LOG] SoundI::release                          :  (0x7fbe17465c18)
[LOG] SoundI::release                          :     FS_Temp_07 (0x7fbd65d30868)
[LOG] SoundI::release                          :  (0x7fbd63dd0128)
[LOG] SoundI::release                          :     FS_Temp_08 (0x7fbd651e81f8)
[LOG] Thread::callback                         : FMOD Studio update thread finished.
[LOG] Thread::callback                         : FMOD Studio bank load thread finished.
[LOG] Profile::disconnectAll                   : Profiler disconnecting all clients
[LOG] Thread::callback                         : FMOD Studio sample load thread finished.
[LOG] LiveUpdate::release                      : 
[LOG] LiveUpdate::reset                        : Reset connection (reason Disconnected)
[LOG] Thread::callback                         : FMOD stream thread finished.
[LOG] Thread::callback                         : FMOD mixer thread finished.
[LOG] Profile::disconnectAll                   : Profiler disconnecting all clients
[LOG] SystemI::close                           : Closed.
[LOG] Thread::callback                         : FMOD Studio bank load thread finished.
[LOG] Thread::callback                         : FMOD Studio sample load thread finished.
[LOG] LiveUpdate::release                      : 
[LOG] LiveUpdate::reset                        : Reset connection (reason Disconnected)
[LOG] Thread::callback                         : FMOD stream thread finished.
[LOG] Thread::callback                         : FMOD mixer thread finished.
[LOG] Thread::callback                         : FMOD nonblocking thread (0) finished.
[LOG] Thread::callback                         : FMOD file thread finished.
[LOG] SystemI::close                           : Closed.
